C:\USERS\XUYI\DOCUMENTS\VISUAL STUDIO 2012\PROJECTS\CONSOLEAPPLICATION\CONSOLEAPPLICATION\DEBUG\MAIN.OBJ
C:\USERS\XUYI\DOCUMENTS\VISUAL STUDIO 2012\PROJECTS\CONSOLEAPPLICATION\CONSOLEAPPLICATION\DEBUG\MI_C.OBJ
C:\USERS\XUYI\DOCUMENTS\VISUAL STUDIO 2012\PROJECTS\CONSOLEAPPLICATION\CONSOLEAPPLICATION\DEBUG\VC110.PDB
C:\USERS\XUYI\DOCUMENTS\VISUAL STUDIO 2012\PROJECTS\CONSOLEAPPLICATION\DEBUG\CONSOLEAPPLICATION.ILK
C:\USERS\XUYI\DOCUMENTS\VISUAL STUDIO 2012\PROJECTS\CONSOLEAPPLICATION\DEBUG\CONSOLEAPPLICATION.EXE
C:\USERS\XUYI\DOCUMENTS\VISUAL STUDIO 2012\PROJECTS\CONSOLEAPPLICATION\DEBUG\CONSOLEAPPLICATION.PDB
c:\Users\xuyi\documents\visual studio 2012\Projects\ConsoleApplication\ConsoleApplication\Debug\main.obj
c:\Users\xuyi\documents\visual studio 2012\Projects\ConsoleApplication\ConsoleApplication\Debug\MI_C.obj
c:\Users\xuyi\documents\visual studio 2012\Projects\ConsoleApplication\ConsoleApplication\Debug\cl.command.1.tlog
c:\Users\xuyi\documents\visual studio 2012\Projects\ConsoleApplication\ConsoleApplication\Debug\CL.read.1.tlog
c:\Users\xuyi\documents\visual studio 2012\Projects\ConsoleApplication\ConsoleApplication\Debug\CL.write.1.tlog
c:\Users\xuyi\documents\visual studio 2012\Projects\ConsoleApplication\ConsoleApplication\Debug\link-cvtres.read.1.tlog
c:\Users\xuyi\documents\visual studio 2012\Projects\ConsoleApplication\ConsoleApplication\Debug\link-cvtres.write.1.tlog
c:\Users\xuyi\documents\visual studio 2012\Projects\ConsoleApplication\ConsoleApplication\Debug\link-rc.read.1.tlog
c:\Users\xuyi\documents\visual studio 2012\Projects\ConsoleApplication\ConsoleApplication\Debug\link-rc.write.1.tlog
c:\Users\xuyi\documents\visual studio 2012\Projects\ConsoleApplication\ConsoleApplication\Debug\link.command.1.tlog
c:\Users\xuyi\documents\visual studio 2012\Projects\ConsoleApplication\ConsoleApplication\Debug\link.read.1.tlog
c:\Users\xuyi\documents\visual studio 2012\Projects\ConsoleApplication\ConsoleApplication\Debug\link.write.1.tlog
c:\Users\xuyi\documents\visual studio 2012\Projects\ConsoleApplication\ConsoleApplication\Debug\vc110.idb
c:\Users\xuyi\documents\visual studio 2012\Projects\ConsoleApplication\ConsoleApplication\Debug\vc110.pdb
c:\users\xuyi\documents\visual studio 2012\Projects\ConsoleApplication\Debug\ConsoleApplication.pdb
c:\users\xuyi\documents\visual studio 2012\Projects\ConsoleApplication\Debug\ConsoleApplication.exe
c:\users\xuyi\documents\visual studio 2012\Projects\ConsoleApplication\Debug\ConsoleApplication.ilk
